<?xml version="1.0" encoding="UTF-8"?>
<!-- Generated by org.testng.reporters.JUnitReportReporter -->
<testsuite hostname="idea-PC" name="demojenkins.TestJenkins" tests="2" failures="0" timestamp="31 Dec 2016 06:30:25 GMT" time="42.751" errors="0">
  <testcase name="JenkinsDemo1" time="0.000" classname="demojenkins.TestJenkins"/>
  <testcase name="JenkinsDemo" time="42.751" classname="demojenkins.TestJenkins"/>
</testsuite> <!-- demojenkins.TestJenkins -->
