<?xml version="1.0" encoding="UTF-8"?>
<!-- Generated by org.testng.reporters.JUnitReportReporter -->
<testsuite hostname="idea-PC" name="TestJenkins" tests="1" failures="0" timestamp="30 Dec 2016 05:46:54 GMT" time="0.011" errors="0">
  <testcase name="JenkinsDemo" time="0.011" classname="TestJenkins"/>
</testsuite> <!-- TestJenkins -->
