<?xml version="1.0" encoding="UTF-8"?>
<!-- Generated by org.testng.reporters.JUnitReportReporter -->
<testsuite hostname="idea-PC" name="com.jenkins.TestJenkins" tests="1" failures="0" timestamp="31 Dec 2016 09:31:30 GMT" time="0.005" errors="0">
  <testcase name="test1" time="0.005" classname="com.jenkins.TestJenkins"/>
</testsuite> <!-- com.jenkins.TestJenkins -->
